This is pdfTeX, Version 3.14159265-2.6-1.40.19 (MiKTeX 2.9.6840 64-bit) (preloaded format=pdflatex 2018.10.6)  16 DEC 2018 17:53
entering extended mode
**./report_final.tex
(report_final.tex
LaTeX2e <2018-04-01> patch level 5
("C:/Users/frederik van eecke/texmf\tex/latex\kulak\kulakarticle.cls"
Document Class: kulakarticle 2016/10/17 Article class for KU Leuven

("C:\Users\frederik van eecke\AppData\Local\Programs\MiKTeX 2.9\tex\latex\base\
article.cls"
Document Class: article 2014/09/29 v1.4h Standard LaTeX document class

("C:\Users\frederik van eecke\AppData\Local\Programs\MiKTeX 2.9\tex\latex\base\
size10.clo"
File: size10.clo 2014/09/29 v1.4h Standard LaTeX file (size option)
)
\c@part=\count80
\c@section=\count81
\c@subsection=\count82
\c@subsubsection=\count83
\c@paragraph=\count84
\c@subparagraph=\count85
\c@figure=\count86
\c@table=\count87
\abovecaptionskip=\skip41
\belowcaptionskip=\skip42
\bibindent=\dimen102
)
("C:\Users\frederik van eecke\AppData\Local\Programs\MiKTeX 2.9\tex\latex\base\
fontenc.sty"
Package: fontenc 2017/04/05 v2.0i Standard LaTeX package

("C:\Users\frederik van eecke\AppData\Local\Programs\MiKTeX 2.9\tex\latex\base\
t1enc.def"
File: t1enc.def 2017/04/05 v2.0i Standard LaTeX file
LaTeX Font Info:    Redeclaring font encoding T1 on input line 48.
))
("C:\Users\frederik van eecke\AppData\Local\Programs\MiKTeX 2.9\tex\latex\hyper
ref\hyperref.sty"
Package: hyperref 2018/09/30 v6.88a Hypertext links for LaTeX

("C:\Users\frederik van eecke\AppData\Local\Programs\MiKTeX 2.9\tex\generic\obe
rdiek\hobsub-hyperref.sty"
Package: hobsub-hyperref 2016/05/16 v1.14 Bundle oberdiek, subset hyperref (HO)


("C:\Users\frederik van eecke\AppData\Local\Programs\MiKTeX 2.9\tex\generic\obe
rdiek\hobsub-generic.sty"
Package: hobsub-generic 2016/05/16 v1.14 Bundle oberdiek, subset generic (HO)
Package: hobsub 2016/05/16 v1.14 Construct package bundles (HO)
Package: infwarerr 2016/05/16 v1.4 Providing info/warning/error messages (HO)
Package: ltxcmds 2016/05/16 v1.23 LaTeX kernel commands for general use (HO)
Package: ifluatex 2016/05/16 v1.4 Provides the ifluatex switch (HO)
Package ifluatex Info: LuaTeX not detected.
Package: ifvtex 2016/05/16 v1.6 Detect VTeX and its facilities (HO)
Package ifvtex Info: VTeX not detected.
Package: intcalc 2016/05/16 v1.2 Expandable calculations with integers (HO)
Package: ifpdf 2018/09/07 v3.3 Provides the ifpdf switch
Package: etexcmds 2016/05/16 v1.6 Avoid name clashes with e-TeX commands (HO)
Package etexcmds Info: Could not find \expanded.
(etexcmds)             That can mean that you are not using pdfTeX 1.50 or
(etexcmds)             that some package has redefined \expanded.
(etexcmds)             In the latter case, load this package earlier.
Package: kvsetkeys 2016/05/16 v1.17 Key value parser (HO)
Package: kvdefinekeys 2016/05/16 v1.4 Define keys (HO)
Package: pdftexcmds 2018/09/10 v0.29 Utility functions of pdfTeX for LuaTeX (HO
)
Package pdftexcmds Info: LuaTeX not detected.
Package pdftexcmds Info: \pdf@primitive is available.
Package pdftexcmds Info: \pdf@ifprimitive is available.
Package pdftexcmds Info: \pdfdraftmode found.
Package: pdfescape 2016/05/16 v1.14 Implements pdfTeX's escape features (HO)
Package: bigintcalc 2016/05/16 v1.4 Expandable calculations on big integers (HO
)
Package: bitset 2016/05/16 v1.2 Handle bit-vector datatype (HO)
Package: uniquecounter 2016/05/16 v1.3 Provide unlimited unique counter (HO)
)
Package hobsub Info: Skipping package `hobsub' (already loaded).
Package: letltxmacro 2016/05/16 v1.5 Let assignment for LaTeX macros (HO)
Package: hopatch 2016/05/16 v1.3 Wrapper for package hooks (HO)
Package: xcolor-patch 2016/05/16 xcolor patch
Package: atveryend 2016/05/16 v1.9 Hooks at the very end of document (HO)
Package atveryend Info: \enddocument detected (standard20110627).
Package: atbegshi 2016/06/09 v1.18 At begin shipout hook (HO)
Package: refcount 2016/05/16 v3.5 Data extraction from label references (HO)
Package: hycolor 2016/05/16 v1.8 Color options for hyperref/bookmark (HO)
)
("C:\Users\frederik van eecke\AppData\Local\Programs\MiKTeX 2.9\tex\latex\graph
ics\keyval.sty"
Package: keyval 2014/10/28 v1.15 key=value parser (DPC)
\KV@toks@=\toks14
)
("C:\Users\frederik van eecke\AppData\Local\Programs\MiKTeX 2.9\tex\generic\ifx
etex\ifxetex.sty"
Package: ifxetex 2010/09/12 v0.6 Provides ifxetex conditional
)
("C:\Users\frederik van eecke\AppData\Local\Programs\MiKTeX 2.9\tex\latex\oberd
iek\auxhook.sty"
Package: auxhook 2016/05/16 v1.4 Hooks for auxiliary files (HO)
)
("C:\Users\frederik van eecke\AppData\Local\Programs\MiKTeX 2.9\tex\latex\oberd
iek\kvoptions.sty"
Package: kvoptions 2016/05/16 v3.12 Key value format for package options (HO)
)
\@linkdim=\dimen103
\Hy@linkcounter=\count88
\Hy@pagecounter=\count89

("C:\Users\frederik van eecke\AppData\Local\Programs\MiKTeX 2.9\tex\latex\hyper
ref\pd1enc.def"
File: pd1enc.def 2018/09/30 v6.88a Hyperref: PDFDocEncoding definition (HO)
Now handling font encoding PD1 ...
... no UTF-8 mapping file for font encoding PD1
)
\Hy@SavedSpaceFactor=\count90

("C:\Users\frederik van eecke\AppData\Local\Programs\MiKTeX 2.9\tex\latex\00mik
tex\hyperref.cfg"
File: hyperref.cfg 2002/06/06 v1.2 hyperref configuration of TeXLive
)
Package hyperref Info: Hyper figures OFF on input line 4535.
Package hyperref Info: Link nesting OFF on input line 4540.
Package hyperref Info: Hyper index ON on input line 4543.
Package hyperref Info: Plain pages OFF on input line 4550.
Package hyperref Info: Backreferencing OFF on input line 4555.
Package hyperref Info: Implicit mode ON; LaTeX internals redefined.
Package hyperref Info: Bookmarks ON on input line 4788.
\c@Hy@tempcnt=\count91

("C:\Users\frederik van eecke\AppData\Local\Programs\MiKTeX 2.9\tex\latex\url\u
rl.sty"
\Urlmuskip=\muskip10
Package: url 2013/09/16  ver 3.4  Verb mode for urls, etc.
)
LaTeX Info: Redefining \url on input line 5141.
\XeTeXLinkMargin=\dimen104
\Fld@menulength=\count92
\Field@Width=\dimen105
\Fld@charsize=\dimen106
Package hyperref Info: Hyper figures OFF on input line 6396.
Package hyperref Info: Link nesting OFF on input line 6401.
Package hyperref Info: Hyper index ON on input line 6404.
Package hyperref Info: backreferencing OFF on input line 6411.
Package hyperref Info: Link coloring OFF on input line 6416.
Package hyperref Info: Link coloring with OCG OFF on input line 6421.
Package hyperref Info: PDF/A mode OFF on input line 6426.
LaTeX Info: Redefining \ref on input line 6466.
LaTeX Info: Redefining \pageref on input line 6470.
\Hy@abspage=\count93
\c@Item=\count94
\c@Hfootnote=\count95
)
Package hyperref Info: Driver (autodetected): hpdftex.

("C:\Users\frederik van eecke\AppData\Local\Programs\MiKTeX 2.9\tex\latex\hyper
ref\hpdftex.def"
File: hpdftex.def 2018/09/30 v6.88a Hyperref driver for pdfTeX
\Fld@listcount=\count96
\c@bookmark@seq@number=\count97

("C:\Users\frederik van eecke\AppData\Local\Programs\MiKTeX 2.9\tex\latex\oberd
iek\rerunfilecheck.sty"
Package: rerunfilecheck 2016/05/16 v1.8 Rerun checks for auxiliary files (HO)
Package uniquecounter Info: New unique counter `rerunfilecheck' on input line 2
82.
)
\Hy@SectionHShift=\skip43
)
("C:\Users\frederik van eecke\AppData\Local\Programs\MiKTeX 2.9\tex\latex\titli
ng\titling.sty"
Package: titling 2009/09/04 v2.1d maketitle typesetting
\thanksmarkwidth=\skip44
\thanksmargin=\skip45
\droptitle=\skip46
)
("C:\Users\frederik van eecke\AppData\Local\Programs\MiKTeX 2.9\tex\latex\tools
\multicol.sty"
Package: multicol 2018/04/20 v1.8s multicolumn formatting (FMi)
\c@tracingmulticols=\count98
\mult@box=\box26
\multicol@leftmargin=\dimen107
\c@unbalance=\count99
\c@collectmore=\count100
\doublecol@number=\count101
\multicoltolerance=\count102
\multicolpretolerance=\count103
\full@width=\dimen108
\page@free=\dimen109
\premulticols=\dimen110
\postmulticols=\dimen111
\multicolsep=\skip47
\multicolbaselineskip=\skip48
\partial@page=\box27
\last@line=\box28
\maxbalancingoverflow=\dimen112
\mult@rightbox=\box29
\mult@grightbox=\box30
\mult@gfirstbox=\box31
\mult@firstbox=\box32
\@tempa=\box33
\@tempa=\box34
\@tempa=\box35
\@tempa=\box36
\@tempa=\box37
\@tempa=\box38
\@tempa=\box39
\@tempa=\box40
\@tempa=\box41
\@tempa=\box42
\@tempa=\box43
\@tempa=\box44
\@tempa=\box45
\@tempa=\box46
\@tempa=\box47
\@tempa=\box48
\@tempa=\box49
\c@columnbadness=\count104
\c@finalcolumnbadness=\count105
\last@try=\dimen113
\multicolovershoot=\dimen114
\multicolundershoot=\dimen115
\mult@nat@firstbox=\box50
\colbreak@box=\box51
\mc@col@check@num=\count106
)
("C:\Users\frederik van eecke\AppData\Local\Programs\MiKTeX 2.9\tex\latex\graph
ics\graphicx.sty"
Package: graphicx 2017/06/01 v1.1a Enhanced LaTeX Graphics (DPC,SPQR)

("C:\Users\frederik van eecke\AppData\Local\Programs\MiKTeX 2.9\tex\latex\graph
ics\graphics.sty"
Package: graphics 2017/06/25 v1.2c Standard LaTeX Graphics (DPC,SPQR)

("C:\Users\frederik van eecke\AppData\Local\Programs\MiKTeX 2.9\tex\latex\graph
ics\trig.sty"
Package: trig 2016/01/03 v1.10 sin cos tan (DPC)
)
("C:\Users\frederik van eecke\AppData\Local\Programs\MiKTeX 2.9\tex\latex\graph
ics-cfg\graphics.cfg"
File: graphics.cfg 2016/06/04 v1.11 sample graphics configuration
)
Package graphics Info: Driver file: pdftex.def on input line 99.

("C:\Users\frederik van eecke\AppData\Local\Programs\MiKTeX 2.9\tex\latex\graph
ics-def\pdftex.def"
File: pdftex.def 2018/01/08 v1.0l Graphics/color driver for pdftex
))
\Gin@req@height=\dimen116
\Gin@req@width=\dimen117
)
("C:\Users\frederik van eecke\AppData\Local\Programs\MiKTeX 2.9\tex\latex\xcolo
r\xcolor.sty"
Package: xcolor 2016/05/11 v2.12 LaTeX color extensions (UK)

("C:\Users\frederik van eecke\AppData\Local\Programs\MiKTeX 2.9\tex\latex\graph
ics-cfg\color.cfg"
File: color.cfg 2016/01/02 v1.6 sample color configuration
)
Package xcolor Info: Driver file: pdftex.def on input line 225.
Package xcolor Info: Model `cmy' substituted by `cmy0' on input line 1348.
Package xcolor Info: Model `hsb' substituted by `rgb' on input line 1352.
Package xcolor Info: Model `RGB' extended on input line 1364.
Package xcolor Info: Model `HTML' substituted by `rgb' on input line 1366.
Package xcolor Info: Model `Hsb' substituted by `hsb' on input line 1367.
Package xcolor Info: Model `tHsb' substituted by `hsb' on input line 1368.
Package xcolor Info: Model `HSB' substituted by `hsb' on input line 1369.
Package xcolor Info: Model `Gray' substituted by `gray' on input line 1370.
Package xcolor Info: Model `wave' substituted by `hsb' on input line 1371.
)
("C:\Users\frederik van eecke\AppData\Local\Programs\MiKTeX 2.9\tex\latex\lastp
age\lastpage.sty"
Package: lastpage 2015/03/29 v1.2m Refers to last page's name (HMM; JPG)
)
("C:\Users\frederik van eecke\AppData\Local\Programs\MiKTeX 2.9\tex\latex\pgf\f
rontendlayer\tikz.sty"
("C:\Users\frederik van eecke\AppData\Local\Programs\MiKTeX 2.9\tex\latex\pgf\b
asiclayer\pgf.sty"
("C:\Users\frederik van eecke\AppData\Local\Programs\MiKTeX 2.9\tex\latex\pgf\u
tilities\pgfrcs.sty"
("C:\Users\frederik van eecke\AppData\Local\Programs\MiKTeX 2.9\tex\generic\pgf
\utilities\pgfutil-common.tex"
\pgfutil@everybye=\toks15
\pgfutil@tempdima=\dimen118
\pgfutil@tempdimb=\dimen119

("C:\Users\frederik van eecke\AppData\Local\Programs\MiKTeX 2.9\tex\generic\pgf
\utilities\pgfutil-common-lists.tex"))
("C:\Users\frederik van eecke\AppData\Local\Programs\MiKTeX 2.9\tex\generic\pgf
\utilities\pgfutil-latex.def"
\pgfutil@abb=\box52

("C:\Users\frederik van eecke\AppData\Local\Programs\MiKTeX 2.9\tex\latex\ms\ev
eryshi.sty"
Package: everyshi 2001/05/15 v3.00 EveryShipout Package (MS)
))
("C:\Users\frederik van eecke\AppData\Local\Programs\MiKTeX 2.9\tex\generic\pgf
\utilities\pgfrcs.code.tex"
Package: pgfrcs 2015/08/07 v3.0.1a (rcs-revision 1.31)
))
Package: pgf 2015/08/07 v3.0.1a (rcs-revision 1.15)

("C:\Users\frederik van eecke\AppData\Local\Programs\MiKTeX 2.9\tex\latex\pgf\b
asiclayer\pgfcore.sty"
("C:\Users\frederik van eecke\AppData\Local\Programs\MiKTeX 2.9\tex\latex\pgf\s
ystemlayer\pgfsys.sty"
("C:\Users\frederik van eecke\AppData\Local\Programs\MiKTeX 2.9\tex\generic\pgf
\systemlayer\pgfsys.code.tex"
Package: pgfsys 2014/07/09 v3.0.1a (rcs-revision 1.48)

("C:\Users\frederik van eecke\AppData\Local\Programs\MiKTeX 2.9\tex\generic\pgf
\utilities\pgfkeys.code.tex"
\pgfkeys@pathtoks=\toks16
\pgfkeys@temptoks=\toks17

("C:\Users\frederik van eecke\AppData\Local\Programs\MiKTeX 2.9\tex\generic\pgf
\utilities\pgfkeysfiltered.code.tex"
\pgfkeys@tmptoks=\toks18
))
\pgf@x=\dimen120
\pgf@y=\dimen121
\pgf@xa=\dimen122
\pgf@ya=\dimen123
\pgf@xb=\dimen124
\pgf@yb=\dimen125
\pgf@xc=\dimen126
\pgf@yc=\dimen127
\w@pgf@writea=\write3
\r@pgf@reada=\read1
\c@pgf@counta=\count107
\c@pgf@countb=\count108
\c@pgf@countc=\count109
\c@pgf@countd=\count110
\t@pgf@toka=\toks19
\t@pgf@tokb=\toks20
\t@pgf@tokc=\toks21

("C:\Users\frederik van eecke\AppData\Local\Programs\MiKTeX 2.9\tex\generic\pgf
\systemlayer\pgf.cfg"
File: pgf.cfg 2008/05/14  (rcs-revision 1.7)
)
Driver file for pgf: pgfsys-pdftex.def

("C:\Users\frederik van eecke\AppData\Local\Programs\MiKTeX 2.9\tex\generic\pgf
\systemlayer\pgfsys-pdftex.def"
File: pgfsys-pdftex.def 2014/10/11  (rcs-revision 1.35)

("C:\Users\frederik van eecke\AppData\Local\Programs\MiKTeX 2.9\tex\generic\pgf
\systemlayer\pgfsys-common-pdf.def"
File: pgfsys-common-pdf.def 2013/10/10  (rcs-revision 1.13)
)))
("C:\Users\frederik van eecke\AppData\Local\Programs\MiKTeX 2.9\tex\generic\pgf
\systemlayer\pgfsyssoftpath.code.tex"
File: pgfsyssoftpath.code.tex 2013/09/09  (rcs-revision 1.9)
\pgfsyssoftpath@smallbuffer@items=\count111
\pgfsyssoftpath@bigbuffer@items=\count112
)
("C:\Users\frederik van eecke\AppData\Local\Programs\MiKTeX 2.9\tex\generic\pgf
\systemlayer\pgfsysprotocol.code.tex"
File: pgfsysprotocol.code.tex 2006/10/16  (rcs-revision 1.4)
))
("C:\Users\frederik van eecke\AppData\Local\Programs\MiKTeX 2.9\tex\generic\pgf
\basiclayer\pgfcore.code.tex"
Package: pgfcore 2010/04/11 v3.0.1a (rcs-revision 1.7)

("C:\Users\frederik van eecke\AppData\Local\Programs\MiKTeX 2.9\tex\generic\pgf
\math\pgfmath.code.tex"
("C:\Users\frederik van eecke\AppData\Local\Programs\MiKTeX 2.9\tex\generic\pgf
\math\pgfmathcalc.code.tex"
("C:\Users\frederik van eecke\AppData\Local\Programs\MiKTeX 2.9\tex\generic\pgf
\math\pgfmathutil.code.tex")
("C:\Users\frederik van eecke\AppData\Local\Programs\MiKTeX 2.9\tex\generic\pgf
\math\pgfmathparser.code.tex"
\pgfmath@dimen=\dimen128
\pgfmath@count=\count113
\pgfmath@box=\box53
\pgfmath@toks=\toks22
\pgfmath@stack@operand=\toks23
\pgfmath@stack@operation=\toks24
)
("C:\Users\frederik van eecke\AppData\Local\Programs\MiKTeX 2.9\tex\generic\pgf
\math\pgfmathfunctions.code.tex"
("C:\Users\frederik van eecke\AppData\Local\Programs\MiKTeX 2.9\tex\generic\pgf
\math\pgfmathfunctions.basic.code.tex")
("C:\Users\frederik van eecke\AppData\Local\Programs\MiKTeX 2.9\tex\generic\pgf
\math\pgfmathfunctions.trigonometric.code.tex")
("C:\Users\frederik van eecke\AppData\Local\Programs\MiKTeX 2.9\tex\generic\pgf
\math\pgfmathfunctions.random.code.tex")
("C:\Users\frederik van eecke\AppData\Local\Programs\MiKTeX 2.9\tex\generic\pgf
\math\pgfmathfunctions.comparison.code.tex")
("C:\Users\frederik van eecke\AppData\Local\Programs\MiKTeX 2.9\tex\generic\pgf
\math\pgfmathfunctions.base.code.tex")
("C:\Users\frederik van eecke\AppData\Local\Programs\MiKTeX 2.9\tex\generic\pgf
\math\pgfmathfunctions.round.code.tex")
("C:\Users\frederik van eecke\AppData\Local\Programs\MiKTeX 2.9\tex\generic\pgf
\math\pgfmathfunctions.misc.code.tex")
("C:\Users\frederik van eecke\AppData\Local\Programs\MiKTeX 2.9\tex\generic\pgf
\math\pgfmathfunctions.integerarithmetics.code.tex")))
("C:\Users\frederik van eecke\AppData\Local\Programs\MiKTeX 2.9\tex\generic\pgf
\math\pgfmathfloat.code.tex"
\c@pgfmathroundto@lastzeros=\count114
))
("C:\Users\frederik van eecke\AppData\Local\Programs\MiKTeX 2.9\tex\generic\pgf
\basiclayer\pgfcorepoints.code.tex"
File: pgfcorepoints.code.tex 2013/10/07  (rcs-revision 1.27)
\pgf@picminx=\dimen129
\pgf@picmaxx=\dimen130
\pgf@picminy=\dimen131
\pgf@picmaxy=\dimen132
\pgf@pathminx=\dimen133
\pgf@pathmaxx=\dimen134
\pgf@pathminy=\dimen135
\pgf@pathmaxy=\dimen136
\pgf@xx=\dimen137
\pgf@xy=\dimen138
\pgf@yx=\dimen139
\pgf@yy=\dimen140
\pgf@zx=\dimen141
\pgf@zy=\dimen142
)
("C:\Users\frederik van eecke\AppData\Local\Programs\MiKTeX 2.9\tex\generic\pgf
\basiclayer\pgfcorepathconstruct.code.tex"
File: pgfcorepathconstruct.code.tex 2013/10/07  (rcs-revision 1.29)
\pgf@path@lastx=\dimen143
\pgf@path@lasty=\dimen144
)
("C:\Users\frederik van eecke\AppData\Local\Programs\MiKTeX 2.9\tex\generic\pgf
\basiclayer\pgfcorepathusage.code.tex"
File: pgfcorepathusage.code.tex 2014/11/02  (rcs-revision 1.24)
\pgf@shorten@end@additional=\dimen145
\pgf@shorten@start@additional=\dimen146
)
("C:\Users\frederik van eecke\AppData\Local\Programs\MiKTeX 2.9\tex\generic\pgf
\basiclayer\pgfcorescopes.code.tex"
File: pgfcorescopes.code.tex 2015/05/08  (rcs-revision 1.46)
\pgfpic=\box54
\pgf@hbox=\box55
\pgf@layerbox@main=\box56
\pgf@picture@serial@count=\count115
)
("C:\Users\frederik van eecke\AppData\Local\Programs\MiKTeX 2.9\tex\generic\pgf
\basiclayer\pgfcoregraphicstate.code.tex"
File: pgfcoregraphicstate.code.tex 2014/11/02  (rcs-revision 1.12)
\pgflinewidth=\dimen147
)
("C:\Users\frederik van eecke\AppData\Local\Programs\MiKTeX 2.9\tex\generic\pgf
\basiclayer\pgfcoretransformations.code.tex"
File: pgfcoretransformations.code.tex 2015/08/07  (rcs-revision 1.20)
\pgf@pt@x=\dimen148
\pgf@pt@y=\dimen149
\pgf@pt@temp=\dimen150
)
("C:\Users\frederik van eecke\AppData\Local\Programs\MiKTeX 2.9\tex\generic\pgf
\basiclayer\pgfcorequick.code.tex"
File: pgfcorequick.code.tex 2008/10/09  (rcs-revision 1.3)
)
("C:\Users\frederik van eecke\AppData\Local\Programs\MiKTeX 2.9\tex\generic\pgf
\basiclayer\pgfcoreobjects.code.tex"
File: pgfcoreobjects.code.tex 2006/10/11  (rcs-revision 1.2)
)
("C:\Users\frederik van eecke\AppData\Local\Programs\MiKTeX 2.9\tex\generic\pgf
\basiclayer\pgfcorepathprocessing.code.tex"
File: pgfcorepathprocessing.code.tex 2013/09/09  (rcs-revision 1.9)
)
("C:\Users\frederik van eecke\AppData\Local\Programs\MiKTeX 2.9\tex\generic\pgf
\basiclayer\pgfcorearrows.code.tex"
File: pgfcorearrows.code.tex 2015/05/14  (rcs-revision 1.43)
\pgfarrowsep=\dimen151
)
("C:\Users\frederik van eecke\AppData\Local\Programs\MiKTeX 2.9\tex\generic\pgf
\basiclayer\pgfcoreshade.code.tex"
File: pgfcoreshade.code.tex 2013/07/15  (rcs-revision 1.15)
\pgf@max=\dimen152
\pgf@sys@shading@range@num=\count116
)
("C:\Users\frederik van eecke\AppData\Local\Programs\MiKTeX 2.9\tex\generic\pgf
\basiclayer\pgfcoreimage.code.tex"
File: pgfcoreimage.code.tex 2013/07/15  (rcs-revision 1.18)

("C:\Users\frederik van eecke\AppData\Local\Programs\MiKTeX 2.9\tex\generic\pgf
\basiclayer\pgfcoreexternal.code.tex"
File: pgfcoreexternal.code.tex 2014/07/09  (rcs-revision 1.21)
\pgfexternal@startupbox=\box57
))
("C:\Users\frederik van eecke\AppData\Local\Programs\MiKTeX 2.9\tex\generic\pgf
\basiclayer\pgfcorelayers.code.tex"
File: pgfcorelayers.code.tex 2013/07/18  (rcs-revision 1.7)
)
("C:\Users\frederik van eecke\AppData\Local\Programs\MiKTeX 2.9\tex\generic\pgf
\basiclayer\pgfcoretransparency.code.tex"
File: pgfcoretransparency.code.tex 2013/09/30  (rcs-revision 1.5)
)
("C:\Users\frederik van eecke\AppData\Local\Programs\MiKTeX 2.9\tex\generic\pgf
\basiclayer\pgfcorepatterns.code.tex"
File: pgfcorepatterns.code.tex 2013/11/07  (rcs-revision 1.5)
)))
("C:\Users\frederik van eecke\AppData\Local\Programs\MiKTeX 2.9\tex\generic\pgf
\modules\pgfmoduleshapes.code.tex"
File: pgfmoduleshapes.code.tex 2014/03/21  (rcs-revision 1.35)
\pgfnodeparttextbox=\box58
)
("C:\Users\frederik van eecke\AppData\Local\Programs\MiKTeX 2.9\tex\generic\pgf
\modules\pgfmoduleplot.code.tex"
File: pgfmoduleplot.code.tex 2015/08/03  (rcs-revision 1.13)
)
("C:\Users\frederik van eecke\AppData\Local\Programs\MiKTeX 2.9\tex\latex\pgf\c
ompatibility\pgfcomp-version-0-65.sty"
Package: pgfcomp-version-0-65 2007/07/03 v3.0.1a (rcs-revision 1.7)
\pgf@nodesepstart=\dimen153
\pgf@nodesepend=\dimen154
)
("C:\Users\frederik van eecke\AppData\Local\Programs\MiKTeX 2.9\tex\latex\pgf\c
ompatibility\pgfcomp-version-1-18.sty"
Package: pgfcomp-version-1-18 2007/07/23 v3.0.1a (rcs-revision 1.1)
))
("C:\Users\frederik van eecke\AppData\Local\Programs\MiKTeX 2.9\tex\latex\pgf\u
tilities\pgffor.sty"
("C:\Users\frederik van eecke\AppData\Local\Programs\MiKTeX 2.9\tex\latex\pgf\u
tilities\pgfkeys.sty"
("C:\Users\frederik van eecke\AppData\Local\Programs\MiKTeX 2.9\tex\generic\pgf
\utilities\pgfkeys.code.tex"))
("C:\Users\frederik van eecke\AppData\Local\Programs\MiKTeX 2.9\tex\latex\pgf\m
ath\pgfmath.sty"
("C:\Users\frederik van eecke\AppData\Local\Programs\MiKTeX 2.9\tex\generic\pgf
\math\pgfmath.code.tex"))
("C:\Users\frederik van eecke\AppData\Local\Programs\MiKTeX 2.9\tex\generic\pgf
\utilities\pgffor.code.tex"
Package: pgffor 2013/12/13 v3.0.1a (rcs-revision 1.25)

("C:\Users\frederik van eecke\AppData\Local\Programs\MiKTeX 2.9\tex\generic\pgf
\math\pgfmath.code.tex")
\pgffor@iter=\dimen155
\pgffor@skip=\dimen156
\pgffor@stack=\toks25
\pgffor@toks=\toks26
))
("C:\Users\frederik van eecke\AppData\Local\Programs\MiKTeX 2.9\tex\generic\pgf
\frontendlayer\tikz\tikz.code.tex"
Package: tikz 2015/08/07 v3.0.1a (rcs-revision 1.151)

("C:\Users\frederik van eecke\AppData\Local\Programs\MiKTeX 2.9\tex\generic\pgf
\libraries\pgflibraryplothandlers.code.tex"
File: pgflibraryplothandlers.code.tex 2013/08/31 v3.0.1a (rcs-revision 1.20)
\pgf@plot@mark@count=\count117
\pgfplotmarksize=\dimen157
)
\tikz@lastx=\dimen158
\tikz@lasty=\dimen159
\tikz@lastxsaved=\dimen160
\tikz@lastysaved=\dimen161
\tikzleveldistance=\dimen162
\tikzsiblingdistance=\dimen163
\tikz@figbox=\box59
\tikz@figbox@bg=\box60
\tikz@tempbox=\box61
\tikz@tempbox@bg=\box62
\tikztreelevel=\count118
\tikznumberofchildren=\count119
\tikznumberofcurrentchild=\count120
\tikz@fig@count=\count121

("C:\Users\frederik van eecke\AppData\Local\Programs\MiKTeX 2.9\tex\generic\pgf
\modules\pgfmodulematrix.code.tex"
File: pgfmodulematrix.code.tex 2013/09/17  (rcs-revision 1.8)
\pgfmatrixcurrentrow=\count122
\pgfmatrixcurrentcolumn=\count123
\pgf@matrix@numberofcolumns=\count124
)
\tikz@expandcount=\count125

("C:\Users\frederik van eecke\AppData\Local\Programs\MiKTeX 2.9\tex\generic\pgf
\frontendlayer\tikz\libraries\tikzlibrarytopaths.code.tex"
File: tikzlibrarytopaths.code.tex 2008/06/17 v3.0.1a (rcs-revision 1.2)
)))
("C:\Users\frederik van eecke\AppData\Local\Programs\MiKTeX 2.9\tex\generic\pgf
\frontendlayer\tikz\libraries\tikzlibraryarrows.code.tex"
File: tikzlibraryarrows.code.tex 2008/01/09 v3.0.1a (rcs-revision 1.1)

("C:\Users\frederik van eecke\AppData\Local\Programs\MiKTeX 2.9\tex\generic\pgf
\libraries\pgflibraryarrows.code.tex"
File: pgflibraryarrows.code.tex 2013/09/23 v3.0.1a (rcs-revision 1.16)
\arrowsize=\dimen164
))
("C:\Users\frederik van eecke\AppData\Local\Programs\MiKTeX 2.9\tex\generic\pgf
\frontendlayer\tikz\libraries\tikzlibrarydecorations.pathmorphing.code.tex"
("C:\Users\frederik van eecke\AppData\Local\Programs\MiKTeX 2.9\tex\generic\pgf
\frontendlayer\tikz\libraries\tikzlibrarydecorations.code.tex"
("C:\Users\frederik van eecke\AppData\Local\Programs\MiKTeX 2.9\tex\generic\pgf
\modules\pgfmoduledecorations.code.tex"
\pgfdecoratedcompleteddistance=\dimen165
\pgfdecoratedremainingdistance=\dimen166
\pgfdecoratedinputsegmentcompleteddistance=\dimen167
\pgfdecoratedinputsegmentremainingdistance=\dimen168
\pgf@decorate@distancetomove=\dimen169
\pgf@decorate@repeatstate=\count126
\pgfdecorationsegmentamplitude=\dimen170
\pgfdecorationsegmentlength=\dimen171
)
\tikz@lib@dec@box=\box63
)
("C:\Users\frederik van eecke\AppData\Local\Programs\MiKTeX 2.9\tex\generic\pgf
\libraries\decorations\pgflibrarydecorations.pathmorphing.code.tex"))
("C:\Users\frederik van eecke\AppData\Local\Programs\MiKTeX 2.9\tex\generic\pgf
\frontendlayer\tikz\libraries\tikzlibrarybackgrounds.code.tex"
File: tikzlibrarybackgrounds.code.tex 2013/07/18 v3.0.1a (rcs-revision 1.3)
\pgf@layerbox@background=\box64
\pgf@layerboxsaved@background=\box65
)
("C:\Users\frederik van eecke\AppData\Local\Programs\MiKTeX 2.9\tex\generic\pgf
\frontendlayer\tikz\libraries\tikzlibraryfit.code.tex"
File: tikzlibraryfit.code.tex 2013/07/12 v3.0.1a (rcs-revision 1.5)
)
("C:\Users\frederik van eecke\AppData\Local\Programs\MiKTeX 2.9\tex\generic\pgf
\frontendlayer\tikz\libraries\tikzlibraryshadows.code.tex"
File: tikzlibraryshadows.code.tex 2008/01/13 v3.0.1a (rcs-revision 1.3)

("C:\Users\frederik van eecke\AppData\Local\Programs\MiKTeX 2.9\tex\generic\pgf
\frontendlayer\tikz\libraries\tikzlibraryfadings.code.tex"
File: tikzlibraryfadings.code.tex 2009/11/15 v3.0.1a (rcs-revision 1.2)

("C:\Users\frederik van eecke\AppData\Local\Programs\MiKTeX 2.9\tex\generic\pgf
\libraries\pgflibraryfadings.code.tex"
File: pgflibraryfadings.code.tex 2008/02/07 v3.0.1a (rcs-revision 1.3)
)))
("C:\Users\frederik van eecke\AppData\Local\Programs\MiKTeX 2.9\tex\generic\pgf
\frontendlayer\tikz\libraries\tikzlibrarypositioning.code.tex"
File: tikzlibrarypositioning.code.tex 2008/10/06 v3.0.1a (rcs-revision 1.7)
)
("C:\Users\frederik van eecke\AppData\Local\Programs\MiKTeX 2.9\tex\latex\fancy
hdr\fancyhdr.sty"
Package: fancyhdr 2017/06/30 v3.9a Extensive control of page headers and footer
s
\f@nch@headwidth=\skip49
\f@nch@O@elh=\skip50
\f@nch@O@erh=\skip51
\f@nch@O@olh=\skip52
\f@nch@O@orh=\skip53
\f@nch@O@elf=\skip54
\f@nch@O@erf=\skip55
\f@nch@O@olf=\skip56
\f@nch@O@orf=\skip57
))
("C:\Users\frederik van eecke\AppData\Local\Programs\MiKTeX 2.9\tex\latex\base\
inputenc.sty"
Package: inputenc 2018/04/06 v1.3b Input encoding file
\inpenc@prehook=\toks27
\inpenc@posthook=\toks28
)
("C:\Users\frederik van eecke\AppData\Local\Programs\MiKTeX 2.9\tex\generic\bab
el\babel.sty"
Package: babel 2018/09/26 3.24 The Babel package

("C:\Users\frederik van eecke\AppData\Local\Programs\MiKTeX 2.9\tex\generic\bab
el\switch.def"
File: switch.def 2018/09/26 3.24 Babel switching mechanism
)
*************************************
* Local config file bblopts.cfg used
*

("C:\Users\frederik van eecke\AppData\Local\Programs\MiKTeX 2.9\tex\latex\arabi
\bblopts.cfg"
File: bblopts.cfg 2005/09/08 v0.1 add Arabic and Farsi to "declared" options of
 babel
)
("C:\Users\frederik van eecke\AppData\Local\Programs\MiKTeX 2.9\tex\latex\babel
-dutch\dutch.ldf"
Language: dutch 2005/03/30 v3.8i Dutch support from the babel system

("C:\Users\frederik van eecke\AppData\Local\Programs\MiKTeX 2.9\tex\generic\bab
el\babel.def"
File: babel.def 2018/09/26 3.24 Babel common definitions
\babel@savecnt=\count127
\U@D=\dimen172

("C:\Users\frederik van eecke\AppData\Local\Programs\MiKTeX 2.9\tex\generic\bab
el\txtbabel.def")
\bbl@dirlevel=\count128
)
Package babel Info: Making " an active character on input line 132.
))
("C:\Users\frederik van eecke\AppData\Local\Programs\MiKTeX 2.9\tex\latex\mhche
m\mhchem.sty"
Package: mhchem 2018/06/22 v4.08 for typesetting chemical formulae

("C:\Users\frederik van eecke\AppData\Local\Programs\MiKTeX 2.9\tex\latex\l3ker
nel\expl3.sty"
Package: expl3 2018-10-31 L3 programming layer (loader) 

("C:\Users\frederik van eecke\AppData\Local\Programs\MiKTeX 2.9\tex\latex\l3ker
nel\expl3-code.tex"
Package: expl3 2018-10-31 L3 programming layer (code)
\c_max_int=\count129
\l_tmpa_int=\count130
\l_tmpb_int=\count131
\g_tmpa_int=\count132
\g_tmpb_int=\count133
\g__kernel_prg_map_int=\count134
\c_log_iow=\count135
\l_iow_line_count_int=\count136
\l__iow_line_target_int=\count137
\l__iow_one_indent_int=\count138
\l__iow_indent_int=\count139
\c_zero_dim=\dimen173
\c_max_dim=\dimen174
\l_tmpa_dim=\dimen175
\l_tmpb_dim=\dimen176
\g_tmpa_dim=\dimen177
\g_tmpb_dim=\dimen178
\c_zero_skip=\skip58
\c_max_skip=\skip59
\l_tmpa_skip=\skip60
\l_tmpb_skip=\skip61
\g_tmpa_skip=\skip62
\g_tmpb_skip=\skip63
\c_zero_muskip=\muskip11
\c_max_muskip=\muskip12
\l_tmpa_muskip=\muskip13
\l_tmpb_muskip=\muskip14
\g_tmpa_muskip=\muskip15
\g_tmpb_muskip=\muskip16
\l_keys_choice_int=\count140
\l__intarray_loop_int=\count141
\c__intarray_sp_dim=\dimen179
\g__intarray_font_int=\count142
\c__fp_leading_shift_int=\count143
\c__fp_middle_shift_int=\count144
\c__fp_trailing_shift_int=\count145
\c__fp_big_leading_shift_int=\count146
\c__fp_big_middle_shift_int=\count147
\c__fp_big_trailing_shift_int=\count148
\c__fp_Bigg_leading_shift_int=\count149
\c__fp_Bigg_middle_shift_int=\count150
\c__fp_Bigg_trailing_shift_int=\count151
\c__kernel_randint_max_int=\count152
\g__fp_array_int=\count153
\l__fp_array_loop_int=\count154
\l__sort_length_int=\count155
\l__sort_min_int=\count156
\l__sort_top_int=\count157
\l__sort_max_int=\count158
\l__sort_true_max_int=\count159
\l__sort_block_int=\count160
\l__sort_begin_int=\count161
\l__sort_end_int=\count162
\l__sort_A_int=\count163
\l__sort_B_int=\count164
\l__sort_C_int=\count165
\l__tl_analysis_normal_int=\count166
\l__tl_analysis_index_int=\count167
\l__tl_analysis_nesting_int=\count168
\l__tl_analysis_type_int=\count169
\l__regex_internal_a_int=\count170
\l__regex_internal_b_int=\count171
\l__regex_internal_c_int=\count172
\l__regex_balance_int=\count173
\l__regex_group_level_int=\count174
\l__regex_mode_int=\count175
\c__regex_cs_in_class_mode_int=\count176
\c__regex_cs_mode_int=\count177
\l__regex_catcodes_int=\count178
\l__regex_default_catcodes_int=\count179
\c__regex_catcode_D_int=\count180
\c__regex_catcode_S_int=\count181
\c__regex_catcode_L_int=\count182
\c__regex_catcode_O_int=\count183
\c__regex_catcode_A_int=\count184
\c__regex_all_catcodes_int=\count185
\l__regex_show_lines_int=\count186
\l__regex_min_state_int=\count187
\l__regex_max_state_int=\count188
\l__regex_left_state_int=\count189
\l__regex_right_state_int=\count190
\l__regex_capturing_group_int=\count191
\l__regex_min_pos_int=\count192
\l__regex_max_pos_int=\count193
\l__regex_curr_pos_int=\count194
\l__regex_start_pos_int=\count195
\l__regex_success_pos_int=\count196
\l__regex_curr_char_int=\count197
\l__regex_curr_catcode_int=\count198
\l__regex_last_char_int=\count199
\l__regex_case_changed_char_int=\count266
\l__regex_curr_state_int=\count267
\l__regex_step_int=\count268
\l__regex_min_active_int=\count269
\l__regex_max_active_int=\count270
\l__regex_replacement_csnames_int=\count271
\l__regex_match_count_int=\count272
\l__regex_min_submatch_int=\count273
\l__regex_submatch_int=\count274
\l__regex_zeroth_submatch_int=\count275
\g__regex_trace_regex_int=\count276
\c_empty_box=\box66
\l_tmpa_box=\box67
\l_tmpb_box=\box68
\g_tmpa_box=\box69
\g_tmpb_box=\box70
\l__box_top_dim=\dimen180
\l__box_bottom_dim=\dimen181
\l__box_left_dim=\dimen182
\l__box_right_dim=\dimen183
\l__box_top_new_dim=\dimen184
\l__box_bottom_new_dim=\dimen185
\l__box_left_new_dim=\dimen186
\l__box_right_new_dim=\dimen187
\l__box_internal_box=\box71
\l__coffin_internal_box=\box72
\l__coffin_internal_dim=\dimen188
\l__coffin_offset_x_dim=\dimen189
\l__coffin_offset_y_dim=\dimen190
\l__coffin_x_dim=\dimen191
\l__coffin_y_dim=\dimen192
\l__coffin_x_prime_dim=\dimen193
\l__coffin_y_prime_dim=\dimen194
\c_empty_coffin=\box73
\l__coffin_aligned_coffin=\box74
\l__coffin_aligned_internal_coffin=\box75
\l_tmpa_coffin=\box76
\l_tmpb_coffin=\box77
\l__coffin_display_coffin=\box78
\l__coffin_display_coord_coffin=\box79
\l__coffin_display_pole_coffin=\box80
\l__coffin_display_offset_dim=\dimen195
\l__coffin_display_x_dim=\dimen196
\l__coffin_display_y_dim=\dimen197
\g__file_internal_ior=\read2
\l__coffin_bounding_shift_dim=\dimen198
\l__coffin_left_corner_dim=\dimen199
\l__coffin_right_corner_dim=\dimen256
\l__coffin_bottom_corner_dim=\dimen257
\l__coffin_top_corner_dim=\dimen258
\l__coffin_scaled_total_height_dim=\dimen259
\l__coffin_scaled_width_dim=\dimen260
\l__seq_internal_a_int=\count277
\l__seq_internal_b_int=\count278
)
("C:\Users\frederik van eecke\AppData\Local\Programs\MiKTeX 2.9\tex\latex\l3ker
nel\l3pdfmode.def"
File: l3pdfmode.def 2018-10-31 v L3 Experimental driver: PDF mode
\l__driver_color_stack_int=\count279
))
("C:\Users\frederik van eecke\AppData\Local\Programs\MiKTeX 2.9\tex\latex\l3pac
kages\l3keys2e\l3keys2e.sty"
Package: l3keys2e 2018-10-17 LaTeX2e option processing using LaTeX3 keys
)
("C:\Users\frederik van eecke\AppData\Local\Programs\MiKTeX 2.9\tex\latex\tools
\calc.sty"
Package: calc 2017/05/25 v4.3 Infix arithmetic (KKT,FJ)
\calc@Acount=\count280
\calc@Bcount=\count281
\calc@Adimen=\dimen261
\calc@Bdimen=\dimen262
\calc@Askip=\skip64
\calc@Bskip=\skip65
LaTeX Info: Redefining \setlength on input line 80.
LaTeX Info: Redefining \addtolength on input line 81.
\calc@Ccount=\count282
\calc@Cskip=\skip66
)
("C:\Users\frederik van eecke\AppData\Local\Programs\MiKTeX 2.9\tex\latex\amsma
th\amsmath.sty"
Package: amsmath 2017/09/02 v2.17a AMS math features
\@mathmargin=\skip67

For additional information on amsmath, use the `?' option.

("C:\Users\frederik van eecke\AppData\Local\Programs\MiKTeX 2.9\tex\latex\amsma
th\amstext.sty"
Package: amstext 2000/06/29 v2.01 AMS text

("C:\Users\frederik van eecke\AppData\Local\Programs\MiKTeX 2.9\tex\latex\amsma
th\amsgen.sty"
File: amsgen.sty 1999/11/30 v2.0 generic functions
\@emptytoks=\toks29
\ex@=\dimen263
))
("C:\Users\frederik van eecke\AppData\Local\Programs\MiKTeX 2.9\tex\latex\amsma
th\amsbsy.sty"
Package: amsbsy 1999/11/29 v1.2d Bold Symbols
\pmbraise@=\dimen264
)
("C:\Users\frederik van eecke\AppData\Local\Programs\MiKTeX 2.9\tex\latex\amsma
th\amsopn.sty"
Package: amsopn 2016/03/08 v2.02 operator names
)
\inf@bad=\count283
LaTeX Info: Redefining \frac on input line 213.
\uproot@=\count284
\leftroot@=\count285
LaTeX Info: Redefining \overline on input line 375.
\classnum@=\count286
\DOTSCASE@=\count287
LaTeX Info: Redefining \ldots on input line 472.
LaTeX Info: Redefining \dots on input line 475.
LaTeX Info: Redefining \cdots on input line 596.
\Mathstrutbox@=\box81
\strutbox@=\box82
\big@size=\dimen265
LaTeX Font Info:    Redeclaring font encoding OML on input line 712.
LaTeX Font Info:    Redeclaring font encoding OMS on input line 713.
\macc@depth=\count288
\c@MaxMatrixCols=\count289
\dotsspace@=\muskip17
\c@parentequation=\count290
\dspbrk@lvl=\count291
\tag@help=\toks30
\row@=\count292
\column@=\count293
\maxfields@=\count294
\andhelp@=\toks31
\eqnshift@=\dimen266
\alignsep@=\dimen267
\tagshift@=\dimen268
\tagwidth@=\dimen269
\totwidth@=\dimen270
\lineht@=\dimen271
\@envbody=\toks32
\multlinegap=\skip68
\multlinetaggap=\skip69
\mathdisplay@stack=\toks33
LaTeX Info: Redefining \[ on input line 2817.
LaTeX Info: Redefining \] on input line 2818.
)
("C:\Users\frederik van eecke\AppData\Local\Programs\MiKTeX 2.9\tex\latex\chemg
reek\chemgreek.sty"
("C:\Users\frederik van eecke\AppData\Local\Programs\MiKTeX 2.9\tex\latex\l3pac
kages\xparse\xparse.sty"
Package: xparse 2018-10-17 L3 Experimental document command parser
\l__xparse_current_arg_int=\count295
\g__xparse_grabber_int=\count296
\l__xparse_m_args_int=\count297
\l__xparse_mandatory_args_int=\count298
\l__xparse_v_nesting_int=\count299
)
Package: chemgreek 2016/12/20 v1.1 interfaceforuprightgreeklettersforuseinchemi
stry (CN)
\l__chemgreek_tmpa_int=\count300
\g__chemgreek_tmpa_int=\count301
)
\l__mhchem_ce_distanceFromLastComma_int=\count302
\__mhchem_arrow_extPgfLength_skip=\skip70
\mhchem@minispace@tmp=\skip71
\mhchem@minibackspace@tmp=\skip72
\mhchem@bondwidth=\skip73
\mhchem@bondheight=\skip74
\mhchem@smallbondwidth@tmpA=\skip75
\mhchem@smallbondwidth@tmpB=\skip76
\mhchem@smallbondwidth=\skip77
\mhchem@bondtmp@minussidebearingleft=\skip78
\mhchem@bondtmp@minussidebearingright=\skip79
\l__mhchem_option_version_int=\count303
\mhchem@option@minusmathsidebearingleft=\dimen272
\mhchem@option@minusmathsidebearingright=\dimen273
\mhchem@option@minustextsidebearingleft=\dimen274
\mhchem@option@minustextsidebearingright=\dimen275


Package mhchem Warning: You did not specify a 'version' option for the mhchem
(mhchem)                package. Please write \usepackage[version=4]{mhchem}
(mhchem)                in your preamble (or any lower number for
(mhchem)                compatibility mode), because you might get slightly
(mhchem)                different output with the same input in future versions
.

)
("C:\Users\frederik van eecke\AppData\Local\Programs\MiKTeX 2.9\tex\latex\capti
on\subcaption.sty"
Package: subcaption 2018/05/01 v1.1-162 Sub-captions (AR)

("C:\Users\frederik van eecke\AppData\Local\Programs\MiKTeX 2.9\tex\latex\capti
on\caption.sty"
Package: caption 2018/10/06 v3.3-154 Customizing captions (AR)

("C:\Users\frederik van eecke\AppData\Local\Programs\MiKTeX 2.9\tex\latex\capti
on\caption3.sty"
Package: caption3 2018/09/12 v1.8c caption3 kernel (AR)
Package caption3 Info: TeX engine: e-TeX on input line 64.
\captionmargin=\dimen276
\captionmargin@=\dimen277
\captionwidth=\dimen278
\caption@tempdima=\dimen279
\caption@indent=\dimen280
\caption@parindent=\dimen281
\caption@hangindent=\dimen282
)
\c@caption@flags=\count304
\c@ContinuedFloat=\count305
Package caption Info: hyperref package is loaded.
)
\c@subfigure=\count306
\c@subtable=\count307
) (report_final.aux)
\openout1 = `report_final.aux'.

LaTeX Font Info:    Checking defaults for OML/cmm/m/it on input line 21.
LaTeX Font Info:    ... okay on input line 21.
LaTeX Font Info:    Checking defaults for T1/cmr/m/n on input line 21.
LaTeX Font Info:    ... okay on input line 21.
LaTeX Font Info:    Checking defaults for OT1/cmr/m/n on input line 21.
LaTeX Font Info:    ... okay on input line 21.
LaTeX Font Info:    Checking defaults for OMS/cmsy/m/n on input line 21.
LaTeX Font Info:    ... okay on input line 21.
LaTeX Font Info:    Checking defaults for OMX/cmex/m/n on input line 21.
LaTeX Font Info:    ... okay on input line 21.
LaTeX Font Info:    Checking defaults for U/cmr/m/n on input line 21.
LaTeX Font Info:    ... okay on input line 21.
LaTeX Font Info:    Checking defaults for PD1/pdf/m/n on input line 21.
LaTeX Font Info:    ... okay on input line 21.
\AtBeginShipoutBox=\box83
Package hyperref Info: Link coloring OFF on input line 21.

("C:\Users\frederik van eecke\AppData\Local\Programs\MiKTeX 2.9\tex\latex\hyper
ref\nameref.sty"
Package: nameref 2016/05/21 v2.44 Cross-referencing by name of section

("C:\Users\frederik van eecke\AppData\Local\Programs\MiKTeX 2.9\tex\generic\obe
rdiek\gettitlestring.sty"
Package: gettitlestring 2016/05/16 v1.5 Cleanup title references (HO)
)
\c@section@level=\count308
)
LaTeX Info: Redefining \ref on input line 21.
LaTeX Info: Redefining \pageref on input line 21.
LaTeX Info: Redefining \nameref on input line 21.
 (report_final.out) (report_final.out)
\@outlinefile=\write4
\openout4 = `report_final.out'.


("C:\Users\frederik van eecke\AppData\Local\Programs\MiKTeX 2.9\tex\context\bas
e\supp-pdf.mkii"
[Loading MPS to PDF converter (version 2006.09.02).]
\scratchcounter=\count309
\scratchdimen=\dimen283
\scratchbox=\box84
\nofMPsegments=\count310
\nofMParguments=\count311
\everyMPshowfont=\toks34
\MPscratchCnt=\count312
\MPscratchDim=\dimen284
\MPnumerator=\count313
\makeMPintoPDFobject=\count314
\everyMPtoPDFconversion=\toks35
)
("C:\Users\frederik van eecke\AppData\Local\Programs\MiKTeX 2.9\tex\latex\oberd
iek\epstopdf-base.sty"
Package: epstopdf-base 2016/05/15 v2.6 Base part for package epstopdf

("C:\Users\frederik van eecke\AppData\Local\Programs\MiKTeX 2.9\tex\latex\oberd
iek\grfext.sty"
Package: grfext 2016/05/16 v1.2 Manage graphics extensions (HO)
)
Package epstopdf-base Info: Redefining graphics rule for `.eps' on input line 4
38.
Package grfext Info: Graphics extension search list:
(grfext)             [.pdf,.png,.jpg,.mps,.jpeg,.jbig2,.jb2,.PDF,.PNG,.JPG,.JPE
G,.JBIG2,.JB2,.eps]
(grfext)             \AppendGraphicsExtensions on input line 456.
)
Package lastpage Info: Please have a look at the pageslts package at
(lastpage)             https://www.ctan.org/pkg/pageslts
(lastpage)             ! on input line 21.
 ABD: EveryShipout initializing macros

Package chemgreek Info: Activating mapping `default' on line 21.

Package caption Info: Begin \AtBeginDocument code.
Package caption Info: End \AtBeginDocument code.
<kuleuvenLogo.pdf, id=34, 159.33528pt x 56.90259pt>
File: kuleuvenLogo.pdf Graphic file (type pdf)
<use kuleuvenLogo.pdf>
Package pdftex.def Info: kuleuvenLogo.pdf  used on input line 23.
(pdftex.def)             Requested size: 119.50601pt x 42.67912pt.
<kuleuvenSedes.pdf, id=35, 349.305pt x 596.2275pt>
File: kuleuvenSedes.pdf Graphic file (type pdf)
<use kuleuvenSedes.pdf>
Package pdftex.def Info: kuleuvenSedes.pdf  used on input line 23.
(pdftex.def)             Requested size: 25.00282pt x 42.67912pt.

Underfull \hbox (badness 10000) in paragraph at lines 23--24

 []


Underfull \hbox (badness 10000) in paragraph at lines 27--28

 []

<hyperfine.jpg, id=42, 618.31pt x 481.8pt>
File: hyperfine.jpg Graphic file (type jpg)
<use hyperfine.jpg>
Package pdftex.def Info: hyperfine.jpg  used on input line 47.
(pdftex.def)             Requested size: 159.33473pt x 124.15494pt.
<zeeman.png, id=43, 482.55281pt x 417.81094pt>
File: zeeman.png Graphic file (type png)
<use zeeman.png>
Package pdftex.def Info: zeeman.png  used on input line 53.
(pdftex.def)             Requested size: 159.33473pt x 137.95453pt.

LaTeX Warning: `!h' float specifier changed to `!ht'.


Underfull \hbox (badness 10000) in paragraph at lines 59--60

 []


Underfull \hbox (badness 10000) in paragraph at lines 63--64

 []

[1

{C:/Users/frederik van eecke/AppData/Local/MiKTeX/2.9/pdftex/config/pdftex.map}
 <C:/Users/frederik van eecke/texmf/tex/latex/kulak/kuleuvenLogo.pdf> <C:/Users
/frederik van eecke/texmf/tex/latex/kulak/kuleuvenSedes.pdf>]
<transitions.png, id=81, 938.00438pt x 276.28218pt>
File: transitions.png Graphic file (type png)
<use transitions.png>
Package pdftex.def Info: transitions.png  used on input line 72.
(pdftex.def)             Requested size: 455.24408pt x 134.08522pt.


LaTeX Warning: `!h' float specifier changed to `!ht'.


Underfull \hbox (badness 10000) in paragraph at lines 78--79

 []

File: kuleuvenSedes.pdf Graphic file (type pdf)
<use kuleuvenSedes.pdf>
Package pdftex.def Info: kuleuvenSedes.pdf  used on input line 81.
(pdftex.def)             Requested size: 25.00282pt x 42.67912pt.

Package Fancyhdr Warning: \headheight is too small (42.67912pt): 
 Make it at least 46.27914pt.
 We now make it that large for the rest of the document.
 This may cause the page layout to be inconsistent, however.

! Missing } inserted.
<inserted text> 
                }
l.81 
     
I've put in what seems to be necessary to fix
the current column of the current alignment.
Try to go on, since this might almost work.

! Missing { inserted.
<inserted text> 
                {
l.81 
     
I've put in what seems to be necessary to fix
the current column of the current alignment.
Try to go on, since this might almost work.


Package Fancyhdr Warning: \footskip is too small (30.0pt): 
 Make it at least 56.39996pt.
 We now make it that large for the rest of the document.
 This may cause the page layout to be inconsistent, however.

[2 <./hyperfine.jpg> <./zeeman.png>] 
AED: lastpage setting LastPage
File: kuleuvenSedes.pdf Graphic file (type pdf)
<use kuleuvenSedes.pdf>
Package pdftex.def Info: kuleuvenSedes.pdf  used on input line 83.
(pdftex.def)             Requested size: 25.00282pt x 42.67912pt.

Package Fancyhdr Warning: \headheight is too small (42.67912pt): 
 Make it at least 46.27914pt.
 We now make it that large for the rest of the document.
 This may cause the page layout to be inconsistent, however.

! Missing } inserted.
<inserted text> 
                }
l.83 \end{document}
                   
I've put in what seems to be necessary to fix
the current column of the current alignment.
Try to go on, since this might almost work.

! Missing { inserted.
<inserted text> 
                {
l.83 \end{document}
                   
I've put in what seems to be necessary to fix
the current column of the current alignment.
Try to go on, since this might almost work.


Package Fancyhdr Warning: \footskip is too small (30.0pt): 
 Make it at least 56.39996pt.
 We now make it that large for the rest of the document.
 This may cause the page layout to be inconsistent, however.

[3 <./transitions.png>]
Package atveryend Info: Empty hook `BeforeClearDocument' on input line 83.
Package atveryend Info: Empty hook `AfterLastShipout' on input line 83.
 (report_final.aux)
Package atveryend Info: Executing hook `AtVeryEndDocument' on input line 83.
Package atveryend Info: Executing hook `AtEndAfterFileList' on input line 83.
Package rerunfilecheck Info: File `report_final.out' has not changed.
(rerunfilecheck)             Checksum: AACE54C3387C218AC2478CA34AB1BF62;60.
Package atveryend Info: Empty hook `AtVeryVeryEnd' on input line 83.
 ) 
Here is how much of TeX's memory you used:
 28941 strings out of 492970
 575528 string characters out of 3120820
 636763 words of memory out of 3000000
 32424 multiletter control sequences out of 15000+200000
 544653 words of font info for 49 fonts, out of 3000000 for 9000
 1141 hyphenation exceptions out of 8191
 62i,20n,80p,1921b,1035s stack positions out of 5000i,500n,10000p,200000b,50000s
 <C:\Users\frederik van eecke\AppData\Local\MiKTeX\2.9\fonts\pk\ljfour\jknapp
en\ec\dpi600\ecrm0900.pk> <C:\Users\frederik van eecke\AppData\Local\MiKTeX\2.9
\fonts\pk\ljfour\jknappen\ec\dpi600\ecbx1000.pk> <C:\Users\frederik van eecke\A
ppData\Local\MiKTeX\2.9\fonts\pk\ljfour\jknappen\ec\dpi600\ecbx1440.pk> <C:\Use
rs\frederik van eecke\AppData\Local\MiKTeX\2.9\fonts\pk\ljfour\jknappen\ec\dpi6
00\ecrm1000.pk> <C:\Users\frederik van eecke\AppData\Local\MiKTeX\2.9\fonts\pk\
ljfour\jknappen\ec\dpi600\ecrm1200.pk> <C:\Users\frederik van eecke\AppData\Loc
al\MiKTeX\2.9\fonts\pk\ljfour\jknappen\ec\dpi600\ecbx1200.pk> <C:\Users\frederi
k van eecke\AppData\Local\MiKTeX\2.9\fonts\pk\ljfour\jknappen\ec\dpi600\ecrm080
0.pk><C:/Users/frederik van eecke/AppData/Local/Programs/MiKTeX 2.9/fonts/type1
/public/amsfonts/cm/cmmi10.pfb><C:/Users/frederik van eecke/AppData/Local/Progr
ams/MiKTeX 2.9/fonts/type1/public/amsfonts/cm/cmmi5.pfb><C:/Users/frederik van 
eecke/AppData/Local/Programs/MiKTeX 2.9/fonts/type1/public/amsfonts/cm/cmmi7.pf
b><C:/Users/frederik van eecke/AppData/Local/Programs/MiKTeX 2.9/fonts/type1/pu
blic/amsfonts/cm/cmmi9.pfb><C:/Users/frederik van eecke/AppData/Local/Programs/
MiKTeX 2.9/fonts/type1/public/amsfonts/cm/cmr10.pfb><C:/Users/frederik van eeck
e/AppData/Local/Programs/MiKTeX 2.9/fonts/type1/public/amsfonts/cm/cmr5.pfb><C:
/Users/frederik van eecke/AppData/Local/Programs/MiKTeX 2.9/fonts/type1/public/
amsfonts/cm/cmr6.pfb><C:/Users/frederik van eecke/AppData/Local/Programs/MiKTeX
 2.9/fonts/type1/public/amsfonts/cm/cmr7.pfb><C:/Users/frederik van eecke/AppDa
ta/Local/Programs/MiKTeX 2.9/fonts/type1/public/amsfonts/cm/cmr9.pfb><C:/Users/
frederik van eecke/AppData/Local/Programs/MiKTeX 2.9/fonts/type1/public/amsfont
s/cm/cmsy10.pfb>
Output written on report_final.pdf (3 pages, 1260585 bytes).
PDF statistics:
 361 PDF objects out of 1000 (max. 8388607)
 12 named destinations out of 1000 (max. 500000)
 142 words of extra memory for PDF output out of 10000 (max. 10000000)

